<?xml version="1.0" encoding="UTF-8"?>
<!-- Generated by org.testng.reporters.JUnitReportReporter -->
<testsuite hostname="DESKTOP-4L5MQVE" failures="0" tests="1" name="practice.LaunchApiDemos" time="42.929" errors="0" timestamp="2022-07-15T09:42:31 IST" skipped="0">
  <testcase classname="practice.LaunchApiDemos" name="ApiDemos" time="42.929"/>
  <system-out/>
</testsuite> <!-- practice.LaunchApiDemos -->
