<?xml version="1.0" encoding="UTF-8"?>
<!-- Generated by org.testng.reporters.JUnitReportReporter -->
<testsuite hostname="DESKTOP-4L5MQVE" failures="0" tests="1" name="script.AndroidKeyCodeWorking" time="56.102" errors="0" timestamp="2022-07-08T15:42:59 IST" skipped="0">
  <testcase classname="script.AndroidKeyCodeWorking" name="apiDemos" time="56.102"/>
  <system-out/>
</testsuite> <!-- script.AndroidKeyCodeWorking -->
