<?xml version="1.0" encoding="UTF-8"?>
<!-- Generated by org.testng.reporters.JUnitReportReporter -->
<testsuite hostname="DESKTOP-4L5MQVE" failures="0" tests="1" name="practice.InstallAppUsingInstallMethod" time="19.640" errors="0" timestamp="2022-07-05T22:30:58 IST" skipped="0">
  <testcase classname="practice.InstallAppUsingInstallMethod" name="install" time="19.640"/>
  <system-out/>
</testsuite> <!-- practice.InstallAppUsingInstallMethod -->
