<?xml version="1.0" encoding="UTF-8"?>
<!-- Generated by org.testng.reporters.JUnitReportReporter -->
<testsuite hostname="DESKTOP-4L5MQVE" failures="0" tests="1" name="driverMethods.InstallApiDemos" time="6.092" errors="0" timestamp="2022-07-05T14:47:38 IST" skipped="0">
  <testcase classname="driverMethods.InstallApiDemos" name="install" time="6.092"/>
  <system-out/>
</testsuite> <!-- driverMethods.InstallApiDemos -->
