<?xml version="1.0" encoding="UTF-8"?>
<!-- Generated by org.testng.reporters.JUnitReportReporter -->
<testsuite hostname="DESKTOP-4L5MQVE" failures="0" tests="1" name="practice.UninstallApiDemos" time="11.096" errors="0" timestamp="2022-07-05T22:34:12 IST" skipped="0">
  <testcase classname="practice.UninstallApiDemos" name="install" time="11.096"/>
  <system-out/>
</testsuite> <!-- practice.UninstallApiDemos -->
