<?xml version="1.0" encoding="UTF-8"?>
<!-- Generated by org.testng.reporters.JUnitReportReporter -->
<testsuite hostname="DESKTOP-4L5MQVE" failures="0" tests="1" name="driverMethods.ClickActionsOnCalculator" time="222.339" errors="0" timestamp="2022-07-05T21:08:41 IST" skipped="0">
  <testcase classname="driverMethods.ClickActionsOnCalculator" name="calculator" time="222.339"/>
  <system-out/>
</testsuite> <!-- driverMethods.ClickActionsOnCalculator -->
