<?xml version="1.0" encoding="UTF-8"?>
<!-- Generated by org.testng.reporters.JUnitReportReporter -->
<testsuite hostname="DESKTOP-4L5MQVE" failures="0" tests="1" name="plutoPharmacy.BigBasketTask" time="333.373" errors="0" timestamp="2022-07-17T12:42:51 IST" skipped="0">
  <testcase classname="plutoPharmacy.BigBasketTask" name="basket" time="333.373"/>
  <system-out/>
</testsuite> <!-- plutoPharmacy.BigBasketTask -->
