<?xml version="1.0" encoding="UTF-8"?>
<!-- Generated by org.testng.reporters.JUnitReportReporter -->
<testsuite hostname="DESKTOP-4L5MQVE" failures="0" tests="1" name="plutoPharmacy.FixOfflineDoctorAppointment" time="315.962" errors="0" timestamp="2022-07-14T01:51:29 IST" skipped="0">
  <testcase classname="plutoPharmacy.FixOfflineDoctorAppointment" name="offlineAppointment" time="315.962"/>
  <system-out/>
</testsuite> <!-- plutoPharmacy.FixOfflineDoctorAppointment -->
