<?xml version="1.0" encoding="UTF-8"?>
<!-- Generated by org.testng.reporters.JUnitReportReporter -->
<testsuite hostname="DESKTOP-4L5MQVE" failures="0" tests="1" name="script.LaunchApiDemosAndNetwork" time="54.408" errors="0" timestamp="2022-07-12T11:15:25 IST" skipped="0">
  <testcase classname="script.LaunchApiDemosAndNetwork" name="ApiDemos" time="54.408"/>
  <system-out/>
</testsuite> <!-- script.LaunchApiDemosAndNetwork -->
